<?xml version="1.0" encoding="UTF-8"?>
<!-- Generated by org.testng.reporters.JUnitReportReporter -->
<testsuite hostname="DESKTOP-ESAJ57F" failures="0" tests="4" name="api.test.UserTests" time="8.095" errors="0" timestamp="2025-03-13T11:43:46 WIB" skipped="0">
  <testcase classname="api.test.UserTests" name="testPostUser" time="4.323"/>
  <testcase classname="api.test.UserTests" name="testGetUserByName" time="1.254"/>
  <testcase classname="api.test.UserTests" name="testUpdateUserByName" time="1.285"/>
  <testcase classname="api.test.UserTests" name="testDeleteUserByName" time="1.233"/>
</testsuite> <!-- api.test.UserTests -->
