<?xml version="1.0" encoding="UTF-8"?>
<!-- Generated by org.testng.reporters.JUnitReportReporter -->
<testsuite hostname="DESKTOP-ESAJ57F" failures="0" tests="3" name="api.test.StoreTests" time="6.632" errors="0" timestamp="2025-03-13T11:44:53 WIB" skipped="0">
  <testcase classname="api.test.StoreTests" name="testCreateOrder" time="4.200"/>
  <testcase classname="api.test.StoreTests" name="testgetPOwithId" time="1.227"/>
  <testcase classname="api.test.StoreTests" name="testdetetePOwithId" time="1.205"/>
</testsuite> <!-- api.test.StoreTests -->
